   1.7990e-01   2.1234e+00   5.5000e+01   2.4520e-08   3.1971e-03   2.5000e-08   2.3800e-08   3.2598e-03   3.1033e-03
   1.9466e-01   2.1382e+00   5.5000e+01   4.3277e-09   3.6240e-04   3.6000e-08   2.0200e-08   3.0146e-03   1.6915e-03
   2.1081e-01   2.1543e+00   5.5000e+01   7.8088e-09   4.2666e-04   8.1000e-08   3.0800e-08   4.4257e-03   1.6829e-03
   2.2557e-01   2.1691e+00   5.5000e+01   7.8419e-08   3.0282e-03   1.0300e-07   1.9600e-08   3.9774e-03   7.5687e-04
   2.4079e-01   2.1843e+00   5.5000e+01   2.0405e-08   5.7114e-04   1.9600e-07   2.5500e-08   5.4860e-03   7.1374e-04
   2.5555e-01   2.1991e+00   5.5000e+01   3.2367e-08   6.8308e-04   3.0100e-07   2.1100e-08   6.3524e-03   4.4530e-04
   2.7077e-01   2.2143e+00   5.5000e+01   2.4162e-07   3.9123e-03   3.8500e-07   2.3100e-08   6.2338e-03   3.7403e-04
   2.7216e-01   2.2157e+00   5.5000e+01   5.2545e-08   8.3152e-04   4.0900e-07   3.2700e-08   6.4724e-03   5.1748e-04
   2.7954e-01   2.2230e+00   5.5000e+01   6.6149e-08   9.2933e-04   4.8600e-07   3.8900e-08   6.8278e-03   5.4651e-04
   2.8599e-01   2.2295e+00   5.5000e+01   3.7811e-07   4.8062e-03   6.0000e-07   3.6000e-08   7.6267e-03   4.5760e-04
   2.8738e-01   2.2309e+00   5.5000e+01   8.2349e-08   1.0250e-03   6.4000e-07   5.1200e-08   7.9663e-03   6.3730e-04
   2.9337e-01   2.2369e+00   5.5000e+01   9.9858e-08   1.1371e-03   7.1000e-07   4.2600e-08   8.0849e-03   4.8509e-04
   2.9476e-01   2.2383e+00   5.5000e+01   5.1121e-07   5.7052e-03   7.9000e-07   6.3200e-08   8.8166e-03   7.0533e-04
   2.9891e-01   2.2424e+00   5.5000e+01   1.1596e-07   1.2194e-03   8.1000e-07   6.4800e-08   8.5178e-03   6.8143e-04
   3.0168e-01   2.2452e+00   5.5000e+01   1.2826e-07   1.2973e-03   9.0000e-07   4.5000e-08   9.1030e-03   4.5515e-04
   3.0260e-01   2.2461e+00   5.5000e+01   6.7263e-07   6.7164e-03   9.0000e-07   6.3000e-08   8.9869e-03   6.2908e-04
   3.0629e-01   2.2498e+00   5.5000e+01   1.4465e-07   1.3730e-03   1.0700e-06   7.4900e-08   1.0156e-02   7.1090e-04
   3.0906e-01   2.2526e+00   5.5000e+01   1.6075e-07   1.4697e-03   1.1100e-06   4.4400e-08   1.0149e-02   4.0594e-04
   3.0998e-01   2.2535e+00   5.5000e+01   8.7652e-07   7.9155e-03   1.1000e-06   7.7000e-08   9.9336e-03   6.9535e-04
   3.1552e-01   2.2590e+00   5.5000e+01   1.9188e-07   1.6110e-03   1.4000e-06   8.4000e-08   1.1754e-02   7.0526e-04
   3.2474e-01   2.2683e+00   5.5000e+01   2.6334e-07   1.9669e-03   1.7300e-06   6.9200e-08   1.2922e-02   5.1687e-04
   3.3120e-01   2.2747e+00   5.5000e+01   1.4982e-06   1.0344e-02   2.1100e-06   8.4400e-08   1.4567e-02   5.8269e-04
   3.3304e-01   2.2766e+00   5.5000e+01   3.3857e-07   2.2865e-03   2.1400e-06   1.2800e-07   1.4452e-02   8.6444e-04
   3.3950e-01   2.2830e+00   5.5000e+01   4.3110e-07   2.6995e-03   2.7000e-06   1.0800e-07   1.6907e-02   6.7629e-04
   3.4042e-01   2.2839e+00   5.5000e+01   2.0100e-06   1.2454e-02   2.6600e-06   1.6000e-07   1.6481e-02   9.9134e-04
   3.4734e-01   2.2909e+00   5.5000e+01   5.5774e-07   3.1962e-03   3.3100e-06   1.3200e-07   1.8968e-02   7.5643e-04
   3.4827e-01   2.2918e+00   5.5000e+01   5.8952e-07   3.3439e-03   3.3600e-06   2.0200e-07   1.9059e-02   1.1458e-03
   3.5611e-01   2.2996e+00   5.5000e+01   3.3607e-06   1.7508e-02   4.2700e-06   2.1400e-07   2.2245e-02   1.1148e-03
   3.6349e-01   2.3070e+00   5.5000e+01   1.0452e-06   5.0399e-03   6.1000e-06   3.0500e-07   2.9412e-02   1.4706e-03
   3.7087e-01   2.3144e+00   5.5000e+01   1.4697e-06   6.5757e-03   8.1200e-06   4.0600e-07   3.6329e-02   1.8165e-03
   3.7871e-01   2.3222e+00   5.5000e+01   8.0148e-06   3.3205e-02   1.1400e-05   5.7000e-07   4.7230e-02   2.3615e-03
   3.8655e-01   2.3301e+00   5.5000e+01   3.1376e-06   1.2068e-02   1.6400e-05   8.2000e-07   6.3078e-02   3.1539e-03
   3.9393e-01   2.3374e+00   5.5000e+01   4.9059e-06   1.7633e-02   2.4600e-05   1.2300e-06   8.8421e-02   4.4211e-03
   4.0131e-01   2.3448e+00   5.5000e+01   2.7149e-05   9.1381e-02   4.0500e-05   2.0300e-06   1.3632e-01   6.8327e-03
   4.0593e-01   2.3494e+00   5.5000e+01   1.0528e-05   3.4045e-02   4.9400e-05   1.4800e-06   1.5975e-01   4.7859e-03
   4.0906e-01   2.3526e+00   5.5000e+01   1.3267e-05   4.1766e-02   6.7600e-05   3.3800e-06   2.1282e-01   1.0641e-02
   4.1054e-01   2.3540e+00   5.5000e+01   4.8605e-05   1.5112e-01   7.1000e-05   2.1300e-06   2.2075e-01   6.6224e-03
   4.1303e-01   2.3565e+00   5.5000e+01   1.6740e-05   5.0968e-02   8.2200e-05   2.4700e-06   2.5027e-01   7.5204e-03
   4.1515e-01   2.3587e+00   5.5000e+01   1.9226e-05   5.7513e-02   9.6000e-05   2.8800e-06   2.8717e-01   8.6152e-03
   4.1774e-01   2.3612e+00   5.5000e+01   7.0828e-05   2.0741e-01   1.0600e-04   3.1900e-06   3.1040e-01   9.3414e-03
   4.2004e-01   2.3636e+00   5.5000e+01   2.2950e-05   6.5951e-02   1.1300e-04   3.3800e-06   3.2473e-01   9.7131e-03
   4.2244e-01   2.3660e+00   5.5000e+01   2.4438e-05   6.8878e-02   1.2400e-04   3.7300e-06   3.4949e-01   1.0513e-02
   4.2475e-01   2.3683e+00   5.5000e+01   7.8402e-05   2.1692e-01   1.3000e-04   3.9000e-06   3.5968e-01   1.0791e-02
   4.2715e-01   2.3707e+00   5.5000e+01   2.3236e-05   6.3077e-02   1.2400e-04   3.7200e-06   3.3661e-01   1.0098e-02
   4.2954e-01   2.3731e+00   5.5000e+01   2.2181e-05   5.9084e-02   1.1800e-04   3.5400e-06   3.1433e-01   9.4298e-03
   4.3176e-01   2.3753e+00   5.5000e+01   6.3467e-05   1.6617e-01   1.0700e-04   3.2200e-06   2.8014e-01   8.4304e-03
   4.3425e-01   2.3778e+00   5.5000e+01   1.7891e-05   4.5947e-02   9.4000e-05   2.8200e-06   2.4141e-01   7.2423e-03
   4.3895e-01   2.3825e+00   5.5000e+01   1.4423e-05   3.5734e-02   7.3800e-05   2.2100e-06   1.8285e-01   5.4756e-03
   4.4375e-01   2.3873e+00   5.5000e+01   3.3794e-05   8.0773e-02   5.2000e-05   1.5600e-06   1.2429e-01   3.7286e-03
   4.4836e-01   2.3919e+00   5.5000e+01   8.8478e-06   2.0441e-02   4.4100e-05   1.3200e-06   1.0189e-01   3.0496e-03
   4.5298e-01   2.3965e+00   5.5000e+01   7.3380e-06   1.6396e-02   3.5500e-05   1.0700e-06   7.9323e-02   2.3909e-03
   4.5759e-01   2.4011e+00   5.5000e+01   1.7334e-05   3.7481e-02   2.6700e-05   8.0100e-07   5.7732e-02   1.7320e-03
   4.6220e-01   2.4057e+00   5.5000e+01   5.0136e-06   1.0496e-02   2.2100e-05   6.6300e-07   4.6267e-02   1.3880e-03
   4.6728e-01   2.4108e+00   5.5000e+01   4.3076e-06   8.7088e-03   1.8900e-05   5.6700e-07   3.8210e-02   1.1463e-03
   4.7235e-01   2.4159e+00   5.5000e+01   9.9664e-06   1.9470e-02   1.5900e-05   4.7700e-07   3.1062e-02   9.3185e-04
   4.7696e-01   2.4205e+00   5.5000e+01   3.1804e-06   6.0255e-03   1.3800e-05   5.5200e-07   2.6145e-02   1.0458e-03
   4.8158e-01   2.4251e+00   5.5000e+01   2.8810e-06   5.2961e-03   1.1600e-05   4.6400e-07   2.1324e-02   8.5298e-04
   4.8619e-01   2.4297e+00   5.5000e+01   6.7272e-06   1.2005e-02   1.0600e-05   4.2400e-07   1.8916e-02   7.5665e-04
   4.9080e-01   2.4343e+00   5.5000e+01   2.2894e-06   3.9678e-03   9.1000e-06   3.6400e-07   1.5772e-02   6.3087e-04
   4.9541e-01   2.4389e+00   5.5000e+01   2.1262e-06   3.5806e-03   8.4000e-06   3.3600e-07   1.4146e-02   5.6583e-04
   5.0003e-01   2.4435e+00   5.5000e+01   4.9359e-06   8.0799e-03   7.1000e-06   2.8400e-07   1.1623e-02   4.6490e-04
   5.0464e-01   2.4482e+00   5.5000e+01   1.7591e-06   2.8004e-03   6.6000e-06   2.6400e-07   1.0507e-02   4.2027e-04
   5.0971e-01   2.4532e+00   5.5000e+01   1.6520e-06   2.5517e-03   6.1000e-06   2.4400e-07   9.4220e-03   3.7688e-04
   5.1479e-01   2.4583e+00   5.5000e+01   3.7252e-06   5.5856e-03   5.5000e-06   2.2000e-07   8.2467e-03   3.2987e-04
   5.1940e-01   2.4629e+00   5.5000e+01   1.3990e-06   2.0427e-03   5.0000e-06   2.0000e-07   7.3003e-03   2.9201e-04
   5.2401e-01   2.4675e+00   5.5000e+01   1.3424e-06   1.9094e-03   4.7000e-06   1.8800e-07   6.6849e-03   2.6740e-04
   5.2863e-01   2.4721e+00   5.5000e+01   2.9494e-06   4.0882e-03   4.1000e-06   1.6400e-07   5.6830e-03   2.2732e-04
   5.3324e-01   2.4767e+00   5.5000e+01   1.1702e-06   1.5813e-03   4.0000e-06   1.6000e-07   5.4051e-03   2.1621e-04
   5.3785e-01   2.4814e+00   5.5000e+01   1.1335e-06   1.4938e-03   3.6000e-06   1.4400e-07   4.7442e-03   1.8977e-04
   5.4247e-01   2.4860e+00   5.5000e+01   2.4291e-06   3.1230e-03   3.3800e-06   1.3500e-07   4.3455e-03   1.7356e-04
   5.4708e-01   2.4906e+00   5.5000e+01   1.0045e-06   1.2604e-03   3.1100e-06   1.2400e-07   3.9022e-03   1.5559e-04
   5.5723e-01   2.5007e+00   5.5000e+01   9.3083e-07   1.1083e-03   2.7700e-06   1.1100e-07   3.2981e-03   1.3216e-04
   5.6645e-01   2.5100e+00   5.5000e+01   1.7891e-06   2.0339e-03   2.5100e-06   1.0000e-07   2.8534e-03   1.1368e-04
   5.7568e-01   2.5192e+00   5.5000e+01   7.7945e-07   8.4709e-04   2.4400e-06   9.7600e-08   2.6517e-03   1.0607e-04
   5.8490e-01   2.5284e+00   5.5000e+01   7.4375e-07   7.7363e-04   1.8500e-06   9.2500e-08   1.9243e-03   9.6216e-05
   5.9505e-01   2.5386e+00   5.5000e+01   1.3372e-06   1.3272e-03   1.8200e-06   9.1000e-08   1.8064e-03   9.0320e-05
   6.0382e-01   2.5473e+00   5.5000e+01   6.4221e-07   6.1278e-04   1.6700e-06   8.3500e-08   1.5935e-03   7.9673e-05
   6.1350e-01   2.5570e+00   5.5000e+01   6.2020e-07   5.6717e-04   1.4700e-06   7.3500e-08   1.3443e-03   6.7215e-05
   6.2273e-01   2.5662e+00   5.5000e+01   1.0447e-06   9.1849e-04   1.4500e-06   7.2500e-08   1.2748e-03   6.3739e-05
   6.3195e-01   2.5755e+00   5.5000e+01   5.5013e-07   4.6542e-04   1.1700e-06   5.8500e-08   9.8984e-04   4.9492e-05


   1.4244e-01   2.0860e+00   9.0000e+01   3.7819e-10   2.0755e-04   3.3200e-10   2.0100e-10   1.8221e-04   1.1031e-04
   1.8968e-01   2.1332e+00   9.0000e+01   2.4283e-08   2.3467e-03   2.5400e-09   5.0700e-10   2.4547e-04   4.8998e-05
   2.0905e-01   2.1526e+00   9.0000e+01   5.3483e-10   3.0531e-05   4.0100e-09   8.0400e-10   2.2891e-04   4.5897e-05
   2.3387e-01   2.1774e+00   9.0000e+01   1.5592e-09   5.0307e-05   9.6600e-09   1.9100e-09   3.1167e-04   6.1625e-05
   2.4429e-01   2.1878e+00   9.0000e+01   4.2506e-08   1.1098e-03   1.3000e-08   2.5800e-09   3.3942e-04   6.7363e-05
   2.6007e-01   2.2036e+00   9.0000e+01   2.7629e-09   5.3756e-05   2.7100e-08   5.4500e-09   5.2727e-04   1.0604e-04
   2.8074e-01   2.2242e+00   9.0000e+01   5.6970e-09   7.8541e-05   4.0100e-08   8.0400e-09   5.5284e-04   1.1084e-04
   2.8978e-01   2.2333e+00   9.0000e+01   8.6409e-08   1.0376e-03   5.1200e-08   1.0500e-08   6.1479e-04   1.2608e-04
   2.9762e-01   2.2411e+00   9.0000e+01   8.5622e-09   9.1706e-05   6.9000e-08   1.3400e-08   7.3904e-04   1.4352e-04
   3.0795e-01   2.2515e+00   9.0000e+01   1.2625e-08   1.1716e-04   8.4500e-08   1.7200e-08   7.8416e-04   1.5962e-04
   3.1838e-01   2.2619e+00   9.0000e+01   1.5565e-07   1.2596e-03   1.1200e-07   2.2000e-08   9.0633e-04   1.7803e-04
   3.2742e-01   2.2709e+00   9.0000e+01   2.1802e-08   1.5757e-04   1.4900e-07   2.9700e-08   1.0769e-03   2.1465e-04
   3.3655e-01   2.2801e+00   9.0000e+01   3.1341e-08   2.0310e-04   1.8800e-07   3.7300e-08   1.2183e-03   2.4171e-04
   3.4439e-01   2.2879e+00   9.0000e+01   3.0109e-07   1.7833e-03   2.6400e-07   5.2600e-08   1.5636e-03   3.1154e-04
   3.5482e-01   2.2983e+00   9.0000e+01   5.7548e-08   3.0396e-04   3.8600e-07   7.7500e-08   2.0388e-03   4.0935e-04
   3.6395e-01   2.3075e+00   9.0000e+01   8.7251e-08   4.1871e-04   5.1200e-07   1.0500e-07   2.4570e-03   5.0388e-04
   3.7299e-01   2.3165e+00   9.0000e+01   7.7934e-07   3.4141e-03   6.4500e-07   1.2400e-07   2.8256e-03   5.4322e-04
   3.8222e-01   2.3257e+00   9.0000e+01   1.9452e-07   7.7933e-04   9.8600e-07   2.0100e-07   3.9503e-03   8.0528e-04
   3.9135e-01   2.3349e+00   9.0000e+01   3.3646e-07   1.2381e-03   1.3800e-06   2.7700e-07   5.0780e-03   1.0193e-03
   3.9947e-01   2.3430e+00   9.0000e+01   2.8629e-06   9.7940e-03   2.6400e-06   5.2600e-07   9.0313e-03   1.7994e-03
   4.0749e-01   2.3510e+00   9.0000e+01   9.1694e-07   2.9255e-03   4.9200e-06   9.5700e-07   1.5697e-02   3.0533e-03
   4.1801e-01   2.3615e+00   9.0000e+01   1.7538e-06   5.1241e-03   7.4900e-06   1.5300e-06   2.1884e-02   4.4702e-03
   4.3213e-01   2.3756e+00   9.0000e+01   6.8710e-06   1.7938e-02   9.0500e-06   1.8200e-06   2.3626e-02   4.7514e-03
   4.3582e-01   2.3793e+00   9.0000e+01   1.3016e-06   3.3028e-03   7.0900e-06   1.4400e-06   1.7991e-02   3.6539e-03
   4.4200e-01   2.3855e+00   9.0000e+01   9.8718e-07   2.3905e-03   5.6300e-06   1.1500e-06   1.3633e-02   2.7848e-03
   4.4569e-01   2.3892e+00   9.0000e+01   3.2858e-06   7.7417e-03   4.4700e-06   8.9000e-07   1.0532e-02   2.0969e-03
   4.5556e-01   2.3991e+00   9.0000e+01   5.0763e-07   1.1135e-03   2.7100e-06   5.4500e-07   5.9446e-03   1.1955e-03
   4.6423e-01   2.4077e+00   9.0000e+01   3.8137e-07   7.8728e-04   1.7800e-06   3.5400e-07   3.6745e-03   7.3078e-04
   4.8785e-01   2.4314e+00   9.0000e+01   6.4904e-07   1.1461e-03   7.1600e-07   1.4400e-07   1.2643e-03   2.5427e-04
   5.1054e-01   2.4541e+00   9.0000e+01   1.2601e-07   1.9368e-04   4.8300e-07   9.5700e-08   7.4240e-04   1.4710e-04
   5.3444e-01   2.4779e+00   9.0000e+01   9.4357e-08   1.2667e-04   2.9700e-07   5.9300e-08   3.9871e-04   7.9608e-05
   5.5732e-01   2.5008e+00   9.0000e+01   1.8235e-07   2.1702e-04   2.3500e-07   4.6900e-08   2.7967e-04   5.5816e-05
   5.8131e-01   2.5248e+00   9.0000e+01   5.9112e-08   6.2538e-05   1.7700e-07   3.5400e-08   1.8726e-04   3.7452e-05
   6.0418e-01   2.5477e+00   9.0000e+01   5.2444e-08   4.9959e-05   1.4600e-07   2.9700e-08   1.3908e-04   2.8292e-05
   6.2679e-01   2.5703e+00   9.0000e+01   8.8775e-08   7.6730e-05   8.2600e-08   1.6300e-08   7.1393e-05   1.4088e-05
   6.4985e-01   2.5934e+00   9.0000e+01   4.0087e-08   3.1562e-05   1.0100e-07   2.0100e-08   7.9520e-05   1.5825e-05
   6.7006e-01   2.6136e+00   9.0000e+01   3.8098e-08   2.7766e-05   7.3000e-08   1.4400e-08   5.3202e-05   1.0495e-05
   6.9413e-01   2.6376e+00   9.0000e+01   5.4346e-08   3.6306e-05   6.4600e-08   1.2400e-08   4.3156e-05   8.2838e-06
   7.1831e-01   2.6618e+00   9.0000e+01   3.1355e-08   1.9291e-05   5.2600e-08   1.0500e-08   3.2362e-05   6.4601e-06
   7.3999e-01   2.6835e+00   9.0000e+01   3.0468e-08   1.7479e-05   5.4100e-08   1.0500e-08   3.1037e-05   6.0238e-06
   7.8685e-01   2.7304e+00   9.0000e+01   3.2446e-08   1.6186e-05   3.6000e-08   7.1800e-09   1.7959e-05   3.5818e-06
   8.3160e-01   2.7751e+00   9.0000e+01   2.4260e-08   1.0727e-05   4.2300e-08   8.4200e-09   1.8703e-05   3.7230e-06
   8.7846e-01   2.8220e+00   9.0000e+01   2.3198e-08   9.1441e-06   2.5500e-08   7.6500e-09   1.0051e-05   3.0154e-06
   9.2413e-01   2.8676e+00   9.0000e+01   1.7896e-08   6.3692e-06   1.7900e-08   7.1800e-09   6.3707e-06   2.5554e-06
   9.6989e-01   2.9134e+00   9.0000e+01   2.0104e-08   6.5146e-06   1.4600e-08   5.8400e-09   4.7309e-06   1.8924e-06
   1.0148e+00   2.9583e+00   9.0000e+01   1.9786e-08   5.8900e-06   2.2500e-08   4.5000e-09   6.6979e-06   1.3396e-06
   1.0620e+00   3.0055e+00   9.0000e+01   1.0851e-08   2.9755e-06   2.0500e-08   4.1100e-09   5.6214e-06   1.1270e-06
   1.1067e+00   3.0502e+00   9.0000e+01   1.7880e-08   4.5616e-06   2.5400e-08   5.0700e-09   6.4802e-06   1.2935e-06
   1.1555e+00   3.0990e+00   9.0000e+01   1.7786e-08   4.2184e-06   4.0200e-08   8.0400e-09   9.5343e-06   1.9069e-06
   1.2458e+00   3.1893e+00   9.0000e+01   5.9256e-09   1.2448e-06   3.0500e-08   9.1900e-09   6.4070e-06   1.9305e-06
   1.2923e+00   3.2358e+00   9.0000e+01   1.6176e-08   3.2114e-06   7.0700e-08   1.4400e-08   1.4036e-05   2.8589e-06
   1.3379e+00   3.2814e+00   9.0000e+01   1.6274e-08   3.0677e-06   4.2800e-08   1.2400e-08   8.0681e-06   2.3375e-06
   1.3844e+00   3.3279e+00   9.0000e+01   3.8056e-09   6.8263e-07   1.0300e-07   2.1100e-08   1.8476e-05   3.7849e-06
   1.4063e+00   3.3498e+00   9.0000e+01   1.5530e-08   2.7243e-06   1.3900e-07   2.7700e-08   2.4384e-05   4.8592e-06
   1.4292e+00   3.3727e+00   9.0000e+01   1.5781e-08   2.7061e-06   1.5200e-07   3.0600e-08   2.6065e-05   5.2473e-06
   1.4524e+00   3.3959e+00   9.0000e+01   3.0560e-09   5.1252e-07   1.9200e-07   3.8300e-08   3.2200e-05   6.4232e-06
   1.4731e+00   3.4167e+00   9.0000e+01   1.5241e-08   2.5070e-06   3.7800e-07   7.5600e-08   6.2176e-05   1.2435e-05
   1.4976e+00   3.4411e+00   9.0000e+01   1.5490e-08   2.4919e-06   5.3000e-07   1.0500e-07   8.5265e-05   1.6892e-05
   1.5197e+00   3.4632e+00   9.0000e+01   2.4501e-09   3.8655e-07   1.0300e-06   2.1100e-07   1.6250e-04   3.3289e-05
   1.5315e+00   3.4750e+00   9.0000e+01   1.5032e-08   2.3477e-06   1.3900e-06   2.7700e-07   2.1709e-04   4.3262e-05
   1.5445e+00   3.4880e+00   9.0000e+01   1.5322e-08   2.3667e-06   2.0800e-06   4.1100e-07   3.2128e-04   6.3484e-05
   1.5496e+00   3.4931e+00   9.0000e+01   2.2159e-09   3.4079e-07   2.4500e-06   4.8800e-07   3.7679e-04   7.5051e-05
   1.5600e+00   3.5036e+00   9.0000e+01   1.4939e-08   2.2776e-06   3.6700e-06   7.3700e-07   5.5954e-04   1.1237e-04
   1.5678e+00   3.5113e+00   9.0000e+01   1.5254e-08   2.3108e-06   4.0400e-06   8.0400e-07   6.1203e-04   1.2180e-04
   1.5768e+00   3.5204e+00   9.0000e+01   2.0191e-09   3.0363e-07   4.4400e-06   8.9000e-07   6.6769e-04   1.3384e-04
   1.5906e+00   3.5341e+00   9.0000e+01   1.4848e-08   2.2082e-06   3.2500e-06   6.5100e-07   4.8336e-04   9.6821e-05
   1.5956e+00   3.5391e+00   9.0000e+01   1.5177e-08   2.2483e-06   2.7700e-06   5.5500e-07   4.1034e-04   8.2217e-05
   1.6056e+00   3.5491e+00   9.0000e+01   1.8270e-09   2.6852e-07   1.9400e-06   3.9200e-07   2.8512e-04   5.7612e-05
   1.6130e+00   3.5565e+00   9.0000e+01   1.4785e-08   2.1604e-06   1.4200e-06   2.8700e-07   2.0750e-04   4.1938e-05
   1.6369e+00   3.5804e+00   9.0000e+01   1.5070e-08   2.1622e-06   8.4800e-07   1.7200e-07   1.2167e-04   2.4678e-05
   1.6608e+00   3.6043e+00   9.0000e+01   1.5031e-09   2.1186e-07   4.7300e-07   9.4700e-08   6.6666e-05   1.3347e-05
   1.7063e+00   3.6498e+00   9.0000e+01   1.4576e-08   1.9886e-06   2.6400e-07   5.2600e-08   3.6016e-05   7.1760e-06
   1.7520e+00   3.6955e+00   9.0000e+01   1.4824e-08   1.9603e-06   1.8800e-07   3.7300e-08   2.4862e-05   4.9327e-06
   1.7992e+00   3.7427e+00   9.0000e+01   8.9837e-10   1.1524e-07   1.7300e-07   3.4400e-08   2.2192e-05   4.4127e-06
   1.8436e+00   3.7871e+00   9.0000e+01   1.4369e-08   1.7936e-06   1.3300e-07   2.6800e-08   1.6601e-05   3.3452e-06
   1.8894e+00   3.8329e+00   9.0000e+01   1.4629e-08   1.7776e-06   1.1700e-07   2.3000e-08   1.4216e-05   2.7947e-06
   1.9354e+00   3.8789e+00   9.0000e+01   5.2048e-10   6.1635e-08   1.4400e-07   2.8700e-08   1.7053e-05   3.3987e-06
   2.0260e+00   3.9695e+00   9.0000e+01   1.4229e-08   1.6072e-06   1.4400e-07   2.8700e-08   1.6265e-05   3.2417e-06
   2.1178e+00   4.0613e+00   9.0000e+01   1.4478e-08   1.5653e-06   1.4700e-07   2.9700e-08   1.5892e-05   3.2109e-06
   2.2096e+00   4.1531e+00   9.0000e+01   2.0988e-10   2.1797e-08   1.4400e-07   2.8700e-08   1.4956e-05   2.9808e-06
   2.3003e+00   4.2438e+00   9.0000e+01   1.4220e-08   1.4241e-06   1.7200e-07   3.4400e-08   1.7225e-05   3.4449e-06
   1.3663e-01   2.0801e+00   0.0000e+00   1.6382e-09   1.1866e-03   2.3500e-10   1.4400e-10   1.7022e-04   1.0431e-04
   1.8221e-01   2.1257e+00   0.0000e+00   6.4841e-08   7.8599e-03   2.5500e-09   5.0700e-10   3.0911e-04   6.1458e-05
   2.0001e-01   2.1435e+00   0.0000e+00   5.2851e-10   3.8184e-05   3.9000e-09   7.8500e-10   2.8177e-04   5.6716e-05
   2.2796e-01   2.1715e+00   0.0000e+00   1.9353e-09   7.0875e-05   9.8600e-09   2.0100e-09   3.6110e-04   7.3612e-05
   2.3811e-01   2.1816e+00   0.0000e+00   8.8428e-08   2.6129e-03   1.3000e-08   2.5800e-09   3.8412e-04   7.6233e-05
   2.5712e-01   2.2006e+00   0.0000e+00   2.8435e-09   5.8327e-05   2.7100e-08   5.4500e-09   5.5588e-04   1.1179e-04
   2.7492e-01   2.2184e+00   0.0000e+00   5.0827e-09   7.6876e-05   4.0800e-08   8.1300e-09   6.1710e-04   1.2297e-04
   2.8387e-01   2.2274e+00   0.0000e+00   1.4810e-07   1.9447e-03   5.0700e-08   1.0500e-08   6.6573e-04   1.3787e-04
   2.9144e-01   2.2349e+00   0.0000e+00   7.5949e-09   8.8978e-05   6.8500e-08   1.3400e-08   8.0252e-04   1.5699e-04
   3.0297e-01   2.2465e+00   0.0000e+00   1.0776e-08   1.0705e-04   8.4000e-08   1.7200e-08   8.3449e-04   1.7087e-04
   3.1183e-01   2.2553e+00   0.0000e+00   2.3332e-07   2.0559e-03   1.1400e-07   2.3000e-08   1.0045e-03   2.0267e-04
   3.1948e-01   2.2630e+00   0.0000e+00   1.7565e-08   1.4015e-04   1.3000e-07   2.5800e-08   1.0372e-03   2.0585e-04
   3.2963e-01   2.2731e+00   0.0000e+00   2.4141e-08   1.6985e-04   1.8600e-07   3.7300e-08   1.3086e-03   2.6242e-04
   3.3978e-01   2.2833e+00   0.0000e+00   4.2129e-07   2.6297e-03   2.6000e-07   5.1700e-08   1.6229e-03   3.2271e-04
   3.4864e-01   2.2921e+00   0.0000e+00   4.6570e-08   2.6308e-04   3.7100e-07   7.4600e-08   2.0959e-03   4.2143e-04
   3.5758e-01   2.3011e+00   0.0000e+00   6.4953e-08   3.3311e-04   5.1600e-07   1.0500e-07   2.6463e-03   5.3849e-04
   3.6515e-01   2.3087e+00   0.0000e+00   8.6815e-07   4.1152e-03   6.9600e-07   1.4400e-07   3.2992e-03   6.8259e-04
   3.7659e-01   2.3201e+00   0.0000e+00   1.4822e-07   6.2680e-04   9.9500e-07   2.0100e-07   4.2078e-03   8.5002e-04
   3.8545e-01   2.3290e+00   0.0000e+00   2.3239e-07   9.0312e-04   1.4000e-06   2.7700e-07   5.4407e-03   1.0765e-03
   3.9559e-01   2.3391e+00   0.0000e+00   3.1997e-06   1.1330e-02   2.6100e-06   5.2600e-07   9.2420e-03   1.8626e-03
   4.0436e-01   2.3479e+00   0.0000e+00   7.4130e-07   2.4298e-03   4.8200e-06   9.5700e-07   1.5799e-02   3.1368e-03
   4.1192e-01   2.3554e+00   0.0000e+00   1.2320e-06   3.7860e-03   7.5700e-06   1.5300e-06   2.3263e-02   4.7018e-03
   4.2087e-01   2.3644e+00   0.0000e+00   1.1731e-05   3.3485e-02   9.4200e-06   1.9100e-06   2.6888e-02   5.4519e-03
   4.3240e-01   2.3759e+00   0.0000e+00   1.5171e-06   3.9522e-03   7.3700e-06   1.4400e-06   1.9199e-02   3.7513e-03
   4.3508e-01   2.3786e+00   0.0000e+00   1.3555e-06   3.4590e-03   5.6100e-06   1.1500e-06   1.4316e-02   2.9346e-03
   4.4274e-01   2.3862e+00   0.0000e+00   5.0896e-06   1.2257e-02   4.5100e-06   8.9900e-07   1.0861e-02   2.1650e-03
   4.5058e-01   2.3941e+00   0.0000e+00   6.2153e-07   1.4130e-03   2.5700e-06   5.1700e-07   5.8427e-03   1.1754e-03
   4.5962e-01   2.4031e+00   0.0000e+00   4.3507e-07   9.2740e-04   1.6600e-06   3.3500e-07   3.5385e-03   7.1409e-04
   4.8287e-01   2.4264e+00   0.0000e+00   9.4683e-07   1.7261e-03   7.3400e-07   1.4400e-07   1.3381e-03   2.6251e-04
   5.0602e-01   2.4495e+00   0.0000e+00   1.3307e-07   2.1010e-04   4.1400e-07   8.3200e-08   6.5363e-04   1.3136e-04
   5.2780e-01   2.4713e+00   0.0000e+00   9.9049e-08   1.3793e-04   3.1500e-07   6.3200e-08   4.3864e-04   8.8006e-05
   5.5215e-01   2.4957e+00   0.0000e+00   2.3463e-07   2.8673e-04   2.3100e-07   4.5900e-08   2.8229e-04   5.6091e-05
   5.7522e-01   2.5187e+00   0.0000e+00   6.0448e-08   6.5839e-05   1.8800e-07   3.7300e-08   2.0477e-04   4.0627e-05
   5.9828e-01   2.5418e+00   0.0000e+00   5.2467e-08   5.1319e-05   1.4800e-07   2.9700e-08   1.4476e-04   2.9050e-05
   6.2144e-01   2.5649e+00   0.0000e+00   1.0713e-07   9.4701e-05   8.2800e-08   3.3500e-08   7.3193e-05   2.9613e-05
   6.4570e-01   2.5892e+00   0.0000e+00   3.9815e-08   3.1865e-05   1.1300e-07   2.3000e-08   9.0437e-05   1.8407e-05
   6.6747e-01   2.6110e+00   0.0000e+00   3.6846e-08   2.7114e-05   8.9800e-08   1.8200e-08   6.6081e-05   1.3393e-05
   6.9183e-01   2.6353e+00   0.0000e+00   6.1503e-08   4.1422e-05   7.8300e-08   1.5300e-08   5.2734e-05   1.0304e-05
   7.1360e-01   2.6571e+00   0.0000e+00   3.1003e-08   1.9376e-05   8.1500e-08   1.6300e-08   5.0934e-05   1.0187e-05
   7.3547e-01   2.6790e+00   0.0000e+00   2.9265e-08   1.7031e-05   5.2000e-08   1.0500e-08   3.0262e-05   6.1105e-06
   7.8399e-01   2.7275e+00   0.0000e+00   3.5520e-08   1.7864e-05   5.2000e-08   1.0500e-08   2.6152e-05   5.2807e-06
   8.2763e-01   2.7711e+00   0.0000e+00   2.3875e-08   1.0665e-05   3.9500e-08   7.9400e-09   1.7645e-05   3.5469e-06
   8.7505e-01   2.8186e+00   0.0000e+00   2.1661e-08   8.6067e-06   2.3500e-08   1.1500e-08   9.3374e-06   4.5694e-06
   9.2099e-01   2.8645e+00   0.0000e+00   1.8933e-08   6.7837e-06   4.1100e-08   8.2300e-09   1.4727e-05   2.9489e-06
   9.6712e-01   2.9106e+00   0.0000e+00   1.9792e-08   6.4485e-06   2.8100e-08   5.6500e-09   9.1552e-06   1.8408e-06
   1.0132e+00   2.9567e+00   0.0000e+00   1.8017e-08   5.3796e-06   2.7700e-08   5.5500e-09   8.2708e-06   1.6572e-06
   1.0592e+00   3.0027e+00   0.0000e+00   1.1234e-08   3.0948e-06   2.5500e-08   5.0700e-09   7.0250e-06   1.3967e-06
   1.1052e+00   3.0487e+00   0.0000e+00   1.7653e-08   4.5142e-06   3.1300e-08   6.2200e-09   8.0038e-06   1.5905e-06
   1.1538e+00   3.0973e+00   0.0000e+00   1.5853e-08   3.7694e-06   3.8400e-08   7.6500e-09   9.1304e-06   1.8189e-06
   1.2446e+00   3.1881e+00   0.0000e+00   6.0291e-09   1.2684e-06   3.9400e-08   7.8500e-09   8.2890e-06   1.6515e-06
   1.2906e+00   3.2341e+00   0.0000e+00   1.6070e-08   3.1971e-06   5.7800e-08   1.1500e-08   1.1499e-05   2.2879e-06
   1.3352e+00   3.2787e+00   0.0000e+00   1.4158e-08   2.6767e-06   8.3500e-08   1.6300e-08   1.5787e-05   3.0817e-06
   1.3825e+00   3.3261e+00   0.0000e+00   3.8665e-09   6.9489e-07   1.1600e-07   2.3000e-08   2.0848e-05   4.1336e-06
   1.4055e+00   3.3490e+00   0.0000e+00   1.5472e-08   2.7162e-06   1.3900e-07   2.7700e-08   2.4402e-05   4.8628e-06
   1.4285e+00   3.3720e+00   0.0000e+00   1.3536e-08   2.3229e-06   1.5900e-07   3.1600e-08   2.7285e-05   5.4226e-06
   1.4503e+00   3.3938e+00   0.0000e+00   3.1051e-09   5.2180e-07   1.8200e-07   3.6400e-08   3.0584e-05   6.1168e-06
   1.4757e+00   3.4192e+00   0.0000e+00   1.5199e-08   2.4942e-06   2.7400e-07   5.4500e-08   4.4962e-05   8.9432e-06
   1.4974e+00   3.4409e+00   0.0000e+00   1.3147e-08   2.1154e-06   3.7900e-07   7.5600e-08   6.0983e-05   1.2164e-05
   1.5191e+00   3.4626e+00   0.0000e+00   2.4764e-09   3.9091e-07   5.7100e-07   1.1500e-07   9.0136e-05   1.8153e-05
   1.5317e+00   3.4752e+00   0.0000e+00   1.5021e-08   2.3454e-06   8.2500e-07   1.6300e-07   1.2882e-04   2.5451e-05
   1.5433e+00   3.4868e+00   0.0000e+00   1.2905e-08   1.9953e-06   8.0300e-07   1.6300e-07   1.2416e-04   2.5203e-05
   1.5483e+00   3.4918e+00   0.0000e+00   2.2479e-09   3.4608e-07   1.1100e-06   2.2000e-07   1.7090e-04   3.3871e-05
   1.5559e+00   3.4994e+00   0.0000e+00   1.4949e-08   2.2871e-06   1.4800e-06   2.9700e-07   2.2642e-04   4.5438e-05
   1.5648e+00   3.5084e+00   0.0000e+00   1.2778e-08   1.9404e-06   1.9500e-06   3.9200e-07   2.9613e-04   5.9530e-05
   1.5764e+00   3.5199e+00   0.0000e+00   2.0479e-09   3.0808e-07   1.6100e-06   3.2500e-07   2.4220e-04   4.8892e-05
   1.5905e+00   3.5340e+00   0.0000e+00   1.4859e-08   2.2101e-06   1.1000e-06   2.2000e-07   1.6361e-04   3.2722e-05
   1.5945e+00   3.5380e+00   0.0000e+00   1.2619e-08   1.8711e-06   8.2500e-07   1.6300e-07   1.2232e-04   2.4168e-05
   1.6035e+00   3.5470e+00   0.0000e+00   1.8701e-09   2.7531e-07   5.4100e-07   1.0500e-07   7.9643e-05   1.5457e-05
   1.6125e+00   3.5561e+00   0.0000e+00   1.4806e-08   2.1643e-06   3.5900e-07   7.1800e-08   5.2478e-05   1.0496e-05
   1.6345e+00   3.5780e+00   0.0000e+00   1.2435e-08   1.7874e-06   1.2300e-07   2.4900e-08   1.7679e-05   3.5790e-06
   1.6565e+00   3.6000e+00   0.0000e+00   1.5595e-09   2.2051e-07   4.4500e-08   8.9000e-09   6.2920e-06   1.2584e-06
   1.7054e+00   3.6489e+00   0.0000e+00   1.4640e-08   1.9986e-06   1.4500e-08   8.7100e-09   1.9794e-06   1.1890e-06
   1.7500e+00   3.6935e+00   0.0000e+00   1.2031e-08   1.5932e-06   2.3700e-08   1.1500e-08   3.1384e-06   1.5229e-06
   1.7961e+00   3.7396e+00   0.0000e+00   9.3012e-10   1.1954e-07   1.7100e-08   8.5200e-09   2.1977e-06   1.0950e-06
   1.8422e+00   3.7857e+00   0.0000e+00   1.4492e-08   1.8104e-06   1.8600e-08   9.2800e-09   2.3236e-06   1.1593e-06
   1.8895e+00   3.8330e+00   0.0000e+00   1.1663e-08   1.4171e-06   1.9000e-08   9.5700e-09   2.3085e-06   1.1628e-06
   1.9328e+00   3.8763e+00   0.0000e+00   5.2229e-10   6.1940e-08   4.8900e-08   9.5700e-09   5.7992e-06   1.1349e-06
   2.0260e+00   3.9695e+00   0.0000e+00   1.4451e-08   1.6323e-06   7.7700e-08   1.5300e-08   8.7763e-06   1.7282e-06
   2.1169e+00   4.0604e+00   0.0000e+00   1.4432e-08   1.5609e-06   6.4100e-08   1.2400e-08   6.9329e-06   1.3411e-06
   2.2078e+00   4.1513e+00   0.0000e+00   1.1214e-08   1.1655e-06   5.9900e-08   1.2400e-08   6.2260e-06   1.2888e-06
   2.3010e+00   4.2446e+00   0.0000e+00   1.4531e-08   1.4548e-06   9.1400e-08   1.8200e-08   9.1505e-06   1.8221e-06


