\BOOKMARK [1][-]{section.1}{Overview}{}% 1
\BOOKMARK [1][-]{section.2}{Installation\040and\040Getting\040Started}{}% 2
\BOOKMARK [2][-]{subsection.2.1}{Prerequisites}{section.2}% 3
\BOOKMARK [2][-]{subsection.2.2}{Downloading\040the\040Repository\040and\040Setting\040theGITHOME_BAND_SMOOTH\040Environment\040Variable}{section.2}% 4
\BOOKMARK [2][-]{subsection.2.3}{Directory\040and\040File\040Structure}{section.2}% 5
\BOOKMARK [2][-]{subsection.2.4}{Compiling\040Libraries\040}{section.2}% 6
\BOOKMARK [2][-]{subsection.2.5}{The\040MY_PROJECT\040Directory}{section.2}% 7
\BOOKMARK [1][-]{section.3}{Generating\040Training\040Points\040with\040Simplex\040Sampler}{}% 8
\BOOKMARK [2][-]{subsection.3.1}{Summary}{section.3}% 9
\BOOKMARK [2][-]{subsection.3.2}{Simplex\040Parameters\040\(not\040model\040parameters!\)}{section.3}% 10
\BOOKMARK [2][-]{subsection.3.3}{Specifying\040Model\040Parameters\040and\040Priors}{section.3}% 11
\BOOKMARK [2][-]{subsection.3.4}{Training\040Types}{section.3}% 12
\BOOKMARK [3][-]{subsubsection.3.4.1}{Type\0401}{subsection.3.4}% 13
\BOOKMARK [3][-]{subsubsection.3.4.2}{Type\0402}{subsection.3.4}% 14
\BOOKMARK [2][-]{subsection.3.5}{Running\040Simplex\040to\040Generate\040Training\040Points}{section.3}% 15
\BOOKMARK [2][-]{subsection.3.6}{Replacing\040Simplex\040Sampler\040with\040Other\040Choices\040of\040Training\040Points}{section.3}% 16
\BOOKMARK [1][-]{section.4}{Performing\040Full\040Model\040Runs}{}% 17
\BOOKMARK [1][-]{section.5}{Tuning\040the\040Emulator}{}% 18
\BOOKMARK [2][-]{subsection.5.1}{Summary}{section.5}% 19
\BOOKMARK [2][-]{subsection.5.2}{Preparing\040Files\040for\040Smooth\040Emulator}{section.5}% 20
\BOOKMARK [2][-]{subsection.5.3}{Smooth\040Emulator\040Parameters\040\(not\040model\040parameters!\)}{section.5}% 21
\BOOKMARK [2][-]{subsection.5.4}{Running\040Smooth\040Emulator\040Programs}{section.5}% 22
\BOOKMARK [2][-]{subsection.5.5}{Useful\040Functionalities\040of\040CSmoothMaster\040Object}{section.5}% 23
\BOOKMARK [2][-]{subsection.5.6}{Other\040Potentially\040Useful\040Smooth\040Emulator\040Objects}{section.5}% 24
\BOOKMARK [1][-]{section.6}{Emulating\040Principal\040Components}{}% 25
\BOOKMARK [2][-]{subsection.6.1}{Overview}{section.6}% 26
\BOOKMARK [2][-]{subsection.6.2}{Compiling\040and\040Running\040the\040PCA\040Programs}{section.6}% 27
\BOOKMARK [2][-]{subsection.6.3}{PCA\040Parameters\040\(not\040model\040parameters!\)}{section.6}% 28
\BOOKMARK [2][-]{subsection.6.4}{Performing\040MCMC\040search\040with\040PCA\040components}{section.6}% 29
\BOOKMARK [1][-]{section.7}{Markov-Chain\040Monte\040Carlo\040\(MCMC\)\040Generation\040of\040the\040Posterior}{}% 30
\BOOKMARK [1][-]{section.8}{Template-Based\040Tutorial}{}% 31
\BOOKMARK [2][-]{subsection.8.1}{Overview}{section.8}% 32
\BOOKMARK [2][-]{subsection.8.2}{Installation\040and\040Compilation}{section.8}% 33
\BOOKMARK [2][-]{subsection.8.3}{Creating\040Necessary\040Info\040Files}{section.8}% 34
\BOOKMARK [2][-]{subsection.8.4}{Running\040Simplex\040Sampler}{section.8}% 35
\BOOKMARK [2][-]{subsection.8.5}{Running\040the\040Fake\040Full\040Model}{section.8}% 36
\BOOKMARK [2][-]{subsection.8.6}{Running\040Smooth\040Emulator}{section.8}% 37
\BOOKMARK [1][-]{section.9}{Testing\040the\040Emulator\040at\040the\040Training\040Points}{}% 38
\BOOKMARK [1][-]{section.10}{Generating\040Emulated\040Observables\040at\040Given\040Points}{}% 39
\BOOKMARK [2][-]{subsection.10.1}{Exploring\040the\040Posterior\040via\040Markov-Chain\040Monte-Carlo}{section.10}% 40
\BOOKMARK [1][-]{section.9}{Underlying\040Theory\040of\040Smooth\040Emulator}{}% 41
\BOOKMARK [2][-]{subsection.9.1}{Mathematical\040Form\040of\040Smooth\040Emulator}{section.9}% 42
\BOOKMARK [2][-]{subsection.9.2}{Alternate\040Forms}{section.9}% 43
\BOOKMARK [2][-]{subsection.9.3}{Tuning\040the\040Emulator\040via\040MCMC}{section.9}% 44
\BOOKMARK [2][-]{subsection.9.4}{Exact\040Solution\040for\040the\040Most\040Probable\040Coefficients\040and\040the\040Uncertainty}{section.9}% 45
\BOOKMARK [3][-]{subsubsection.9.4.1}{Finding\040the\040Optimum\040Coefficients}{subsection.9.4}% 46
\BOOKMARK [3][-]{subsubsection.9.4.2}{Finding\040the\040Uncertainty\040when\040Calculating\040E\(\)}{subsection.9.4}% 47
\BOOKMARK [1][-]{section.10}{Theoretical\040Basis\040of\040Simplex\040Sampler}{}% 48
\BOOKMARK [2][-]{subsection.10.1}{The\040Pernicious\040Nature\040of\040Step-Function\040Priors\040in\040High\040Dimension}{section.10}% 49
\BOOKMARK [1][-]{section.11}{Tests\040of\040the\040Smooth\040Emulator\040using\040Simplex\040Sampler\040for\040Training}{}% 50
