This is pdfTeX, Version 3.141592653-2.6-1.40.25 (TeX Live 2023) (preloaded format=pdflatex 2023.8.11)  11 MAR 2024 16:07
entering extended mode
 restricted \write18 enabled.
 %&-line parsing enabled.
**UserManual.tex
(./UserManual.tex
LaTeX2e <2022-11-01> patch level 1
L3 programming layer <2023-02-22>
(/usr/local/texlive/2023/texmf-dist/tex/latex/base/article.cls
Document Class: article 2022/07/02 v1.4n Standard LaTeX document class
(/usr/local/texlive/2023/texmf-dist/tex/latex/base/size12.clo
File: size12.clo 2022/07/02 v1.4n Standard LaTeX file (size option)
)
\c@part=\count185
\c@section=\count186
\c@subsection=\count187
\c@subsubsection=\count188
\c@paragraph=\count189
\c@subparagraph=\count190
\c@figure=\count191
\c@table=\count192
\abovecaptionskip=\skip48
\belowcaptionskip=\skip49
\bibindent=\dimen140
)
(/usr/local/texlive/2023/texmf-dist/tex/latex/subfiles/subfiles.sty
Package: subfiles 2020/11/14 v2.2 Multi-file projects (package)

(/usr/local/texlive/2023/texmf-dist/tex/latex/import/import.sty
Package: import 2020/04/01  v 6.2
))
(/usr/local/texlive/2023/texmf-dist/tex/latex/graphics/graphicx.sty
Package: graphicx 2021/09/16 v1.2d Enhanced LaTeX Graphics (DPC,SPQR)

(/usr/local/texlive/2023/texmf-dist/tex/latex/graphics/keyval.sty
Package: keyval 2022/05/29 v1.15 key=value parser (DPC)
\KV@toks@=\toks16
)
(/usr/local/texlive/2023/texmf-dist/tex/latex/graphics/graphics.sty
Package: graphics 2022/03/10 v1.4e Standard LaTeX Graphics (DPC,SPQR)

(/usr/local/texlive/2023/texmf-dist/tex/latex/graphics/trig.sty
Package: trig 2021/08/11 v1.11 sin cos tan (DPC)
)
(/usr/local/texlive/2023/texmf-dist/tex/latex/graphics-cfg/graphics.cfg
File: graphics.cfg 2016/06/04 v1.11 sample graphics configuration
)
Package graphics Info: Driver file: pdftex.def on input line 107.

(/usr/local/texlive/2023/texmf-dist/tex/latex/graphics-def/pdftex.def
File: pdftex.def 2022/09/22 v1.2b Graphics/color driver for pdftex
))
\Gin@req@height=\dimen141
\Gin@req@width=\dimen142
)
(/usr/local/texlive/2023/texmf-dist/tex/latex/hyperref/hyperref.sty
Package: hyperref 2023-02-07 v7.00v Hypertext links for LaTeX

(/usr/local/texlive/2023/texmf-dist/tex/generic/ltxcmds/ltxcmds.sty
Package: ltxcmds 2020-05-10 v1.25 LaTeX kernel commands for general use (HO)
)
(/usr/local/texlive/2023/texmf-dist/tex/generic/iftex/iftex.sty
Package: iftex 2022/02/03 v1.0f TeX engine tests
)
(/usr/local/texlive/2023/texmf-dist/tex/generic/pdftexcmds/pdftexcmds.sty
Package: pdftexcmds 2020-06-27 v0.33 Utility functions of pdfTeX for LuaTeX (HO
)

(/usr/local/texlive/2023/texmf-dist/tex/generic/infwarerr/infwarerr.sty
Package: infwarerr 2019/12/03 v1.5 Providing info/warning/error messages (HO)
)
Package pdftexcmds Info: \pdf@primitive is available.
Package pdftexcmds Info: \pdf@ifprimitive is available.
Package pdftexcmds Info: \pdfdraftmode found.
)
(/usr/local/texlive/2023/texmf-dist/tex/latex/kvsetkeys/kvsetkeys.sty
Package: kvsetkeys 2022-10-05 v1.19 Key value parser (HO)
)
(/usr/local/texlive/2023/texmf-dist/tex/generic/kvdefinekeys/kvdefinekeys.sty
Package: kvdefinekeys 2019-12-19 v1.6 Define keys (HO)
)
(/usr/local/texlive/2023/texmf-dist/tex/generic/pdfescape/pdfescape.sty
Package: pdfescape 2019/12/09 v1.15 Implements pdfTeX's escape features (HO)
)
(/usr/local/texlive/2023/texmf-dist/tex/latex/hycolor/hycolor.sty
Package: hycolor 2020-01-27 v1.10 Color options for hyperref/bookmark (HO)
)
(/usr/local/texlive/2023/texmf-dist/tex/latex/letltxmacro/letltxmacro.sty
Package: letltxmacro 2019/12/03 v1.6 Let assignment for LaTeX macros (HO)
)
(/usr/local/texlive/2023/texmf-dist/tex/latex/auxhook/auxhook.sty
Package: auxhook 2019-12-17 v1.6 Hooks for auxiliary files (HO)
)
(/usr/local/texlive/2023/texmf-dist/tex/latex/hyperref/nameref.sty
Package: nameref 2022-05-17 v2.50 Cross-referencing by name of section

(/usr/local/texlive/2023/texmf-dist/tex/latex/refcount/refcount.sty
Package: refcount 2019/12/15 v3.6 Data extraction from label references (HO)
)
(/usr/local/texlive/2023/texmf-dist/tex/generic/gettitlestring/gettitlestring.s
ty
Package: gettitlestring 2019/12/15 v1.6 Cleanup title references (HO)
 (/usr/local/texlive/2023/texmf-dist/tex/latex/kvoptions/kvoptions.sty
Package: kvoptions 2022-06-15 v3.15 Key value format for package options (HO)
))
\c@section@level=\count193
)
\@linkdim=\dimen143
\Hy@linkcounter=\count194
\Hy@pagecounter=\count195

(/usr/local/texlive/2023/texmf-dist/tex/latex/hyperref/pd1enc.def
File: pd1enc.def 2023-02-07 v7.00v Hyperref: PDFDocEncoding definition (HO)
Now handling font encoding PD1 ...
... no UTF-8 mapping file for font encoding PD1
)
(/usr/local/texlive/2023/texmf-dist/tex/generic/intcalc/intcalc.sty
Package: intcalc 2019/12/15 v1.3 Expandable calculations with integers (HO)
)
(/usr/local/texlive/2023/texmf-dist/tex/generic/etexcmds/etexcmds.sty
Package: etexcmds 2019/12/15 v1.7 Avoid name clashes with e-TeX commands (HO)
)
\Hy@SavedSpaceFactor=\count196

(/usr/local/texlive/2023/texmf-dist/tex/latex/hyperref/puenc.def
File: puenc.def 2023-02-07 v7.00v Hyperref: PDF Unicode definition (HO)
Now handling font encoding PU ...
... no UTF-8 mapping file for font encoding PU
)
Package hyperref Info: Option `unicode' set `true' on input line 4060.

(/usr/local/texlive/2023/texmf-dist/tex/generic/stringenc/stringenc.sty
Package: stringenc 2019/11/29 v1.12 Convert strings between diff. encodings (HO
)
)
(/usr/local/texlive/2023/texmf-dist/tex/generic/stringenc/se-pdfdoc.def
File: se-pdfdoc.def 2019/11/29 v1.12 stringenc: PDFDocEncoding
)
Package hyperref Info: Option `colorlinks' set `true' on input line 4060.
Package hyperref Info: Option `breaklinks' set `true' on input line 4060.
Package hyperref Info: Hyper figures OFF on input line 4177.
Package hyperref Info: Link nesting OFF on input line 4182.
Package hyperref Info: Hyper index ON on input line 4185.
Package hyperref Info: Plain pages OFF on input line 4192.
Package hyperref Info: Backreferencing OFF on input line 4197.
Package hyperref Info: Implicit mode ON; LaTeX internals redefined.
Package hyperref Info: Bookmarks ON on input line 4425.
\c@Hy@tempcnt=\count197

(/usr/local/texlive/2023/texmf-dist/tex/latex/url/url.sty
\Urlmuskip=\muskip16
Package: url 2013/09/16  ver 3.4  Verb mode for urls, etc.
)
LaTeX Info: Redefining \url on input line 4763.
\XeTeXLinkMargin=\dimen144

(/usr/local/texlive/2023/texmf-dist/tex/generic/bitset/bitset.sty
Package: bitset 2019/12/09 v1.3 Handle bit-vector datatype (HO)

(/usr/local/texlive/2023/texmf-dist/tex/generic/bigintcalc/bigintcalc.sty
Package: bigintcalc 2019/12/15 v1.5 Expandable calculations on big integers (HO
)
))
\Fld@menulength=\count198
\Field@Width=\dimen145
\Fld@charsize=\dimen146
Package hyperref Info: Hyper figures OFF on input line 6042.
Package hyperref Info: Link nesting OFF on input line 6047.
Package hyperref Info: Hyper index ON on input line 6050.
Package hyperref Info: backreferencing OFF on input line 6057.
Package hyperref Info: Link coloring ON on input line 6060.
Package hyperref Info: Link coloring with OCG OFF on input line 6067.
Package hyperref Info: PDF/A mode OFF on input line 6072.

(/usr/local/texlive/2023/texmf-dist/tex/latex/base/atbegshi-ltx.sty
Package: atbegshi-ltx 2021/01/10 v1.0c Emulation of the original atbegshi
package with kernel methods
)
\Hy@abspage=\count199
\c@Item=\count266
\c@Hfootnote=\count267
)
Package hyperref Info: Driver (autodetected): hpdftex.

(/usr/local/texlive/2023/texmf-dist/tex/latex/hyperref/hpdftex.def
File: hpdftex.def 2023-02-07 v7.00v Hyperref driver for pdfTeX

(/usr/local/texlive/2023/texmf-dist/tex/latex/base/atveryend-ltx.sty
Package: atveryend-ltx 2020/08/19 v1.0a Emulation of the original atveryend pac
kage
with kernel methods
)
\Fld@listcount=\count268
\c@bookmark@seq@number=\count269

(/usr/local/texlive/2023/texmf-dist/tex/latex/rerunfilecheck/rerunfilecheck.sty
Package: rerunfilecheck 2022-07-10 v1.10 Rerun checks for auxiliary files (HO)

(/usr/local/texlive/2023/texmf-dist/tex/generic/uniquecounter/uniquecounter.sty
Package: uniquecounter 2019/12/15 v1.4 Provide unlimited unique counter (HO)
)
Package uniquecounter Info: New unique counter `rerunfilecheck' on input line 2
85.
)
\Hy@SectionHShift=\skip50
) (/usr/local/texlive/2023/texmf-dist/tex/latex/xurl/xurl.sty
Package: xurl 2022/01/09 v 0.10 modify URL breaks
)
(/usr/local/texlive/2023/texmf-dist/tex/latex/comment/comment.sty
\CommentStream=\write3

Excluding comment 'comment')
(/usr/local/texlive/2023/texmf-dist/tex/latex/amsfonts/amssymb.sty
Package: amssymb 2013/01/14 v3.01 AMS font symbols

(/usr/local/texlive/2023/texmf-dist/tex/latex/amsfonts/amsfonts.sty
Package: amsfonts 2013/01/14 v3.01 Basic AMSFonts support
\@emptytoks=\toks17
\symAMSa=\mathgroup4
\symAMSb=\mathgroup5
LaTeX Font Info:    Redeclaring math symbol \hbar on input line 98.
LaTeX Font Info:    Overwriting math alphabet `\mathfrak' in version `bold'
(Font)                  U/euf/m/n --> U/euf/b/n on input line 106.
))
(/usr/local/texlive/2023/texmf-dist/tex/latex/amsmath/amsmath.sty
Package: amsmath 2022/04/08 v2.17n AMS math features
\@mathmargin=\skip51

For additional information on amsmath, use the `?' option.
(/usr/local/texlive/2023/texmf-dist/tex/latex/amsmath/amstext.sty
Package: amstext 2021/08/26 v2.01 AMS text

(/usr/local/texlive/2023/texmf-dist/tex/latex/amsmath/amsgen.sty
File: amsgen.sty 1999/11/30 v2.0 generic functions
\@emptytoks=\toks18
\ex@=\dimen147
))
(/usr/local/texlive/2023/texmf-dist/tex/latex/amsmath/amsbsy.sty
Package: amsbsy 1999/11/29 v1.2d Bold Symbols
\pmbraise@=\dimen148
)
(/usr/local/texlive/2023/texmf-dist/tex/latex/amsmath/amsopn.sty
Package: amsopn 2022/04/08 v2.04 operator names
)
\inf@bad=\count270
LaTeX Info: Redefining \frac on input line 234.
\uproot@=\count271
\leftroot@=\count272
LaTeX Info: Redefining \overline on input line 399.
LaTeX Info: Redefining \colon on input line 410.
\classnum@=\count273
\DOTSCASE@=\count274
LaTeX Info: Redefining \ldots on input line 496.
LaTeX Info: Redefining \dots on input line 499.
LaTeX Info: Redefining \cdots on input line 620.
\Mathstrutbox@=\box51
\strutbox@=\box52
LaTeX Info: Redefining \big on input line 722.
LaTeX Info: Redefining \Big on input line 723.
LaTeX Info: Redefining \bigg on input line 724.
LaTeX Info: Redefining \Bigg on input line 725.
\big@size=\dimen149
LaTeX Font Info:    Redeclaring font encoding OML on input line 743.
LaTeX Font Info:    Redeclaring font encoding OMS on input line 744.
\macc@depth=\count275
LaTeX Info: Redefining \bmod on input line 905.
LaTeX Info: Redefining \pmod on input line 910.
LaTeX Info: Redefining \smash on input line 940.
LaTeX Info: Redefining \relbar on input line 970.
LaTeX Info: Redefining \Relbar on input line 971.
\c@MaxMatrixCols=\count276
\dotsspace@=\muskip17
\c@parentequation=\count277
\dspbrk@lvl=\count278
\tag@help=\toks19
\row@=\count279
\column@=\count280
\maxfields@=\count281
\andhelp@=\toks20
\eqnshift@=\dimen150
\alignsep@=\dimen151
\tagshift@=\dimen152
\tagwidth@=\dimen153
\totwidth@=\dimen154
\lineht@=\dimen155
\@envbody=\toks21
\multlinegap=\skip52
\multlinetaggap=\skip53
\mathdisplay@stack=\toks22
LaTeX Info: Redefining \[ on input line 2953.
LaTeX Info: Redefining \] on input line 2954.
)
(/usr/local/texlive/2023/texmf-dist/tex/latex/tools/bm.sty
Package: bm 2022/01/05 v1.2f Bold Symbol Support (DPC/FMi)
\symboldoperators=\mathgroup6
\symboldletters=\mathgroup7
\symboldsymbols=\mathgroup8
Package bm Info: No bold for \OMX/cmex/m/n, using \pmb.
Package bm Info: No bold for \U/msa/m/n, using \pmb.
Package bm Info: No bold for \U/msb/m/n, using \pmb.
LaTeX Font Info:    Redeclaring math alphabet \mathbf on input line 149.
)
(/usr/local/texlive/2023/texmf-dist/tex/latex/caption/caption.sty
Package: caption 2023/03/12 v3.6j Customizing captions (AR)

(/usr/local/texlive/2023/texmf-dist/tex/latex/caption/caption3.sty
Package: caption3 2023/03/12 v2.4 caption3 kernel (AR)
\caption@tempdima=\dimen156
\captionmargin=\dimen157
\caption@leftmargin=\dimen158
\caption@rightmargin=\dimen159
\caption@width=\dimen160
\caption@indent=\dimen161
\caption@parindent=\dimen162
\caption@hangindent=\dimen163
Package caption Info: Standard document class detected.
)
\c@caption@flags=\count282
\c@continuedfloat=\count283
Package caption Info: hyperref package is loaded.
)
(/usr/local/texlive/2023/texmf-dist/tex/latex/appendix/appendix.sty
Package: appendix 2020/02/08 v1.2c extra appendix facilities
\c@@pps=\count284
\c@@ppsavesec=\count285
\c@@ppsaveapp=\count286
)
(/usr/local/texlive/2023/texmf-dist/tex/latex/l3backend/l3backend-pdftex.def
File: l3backend-pdftex.def 2023-01-16 L3 backend support: PDF output (pdfTeX)
\l__color_backend_stack_int=\count287
\l__pdf_internal_box=\box53
)
(./UserManual.aux)
\openout1 = `UserManual.aux'.

LaTeX Font Info:    Checking defaults for OML/cmm/m/it on input line 84.
LaTeX Font Info:    ... okay on input line 84.
LaTeX Font Info:    Checking defaults for OMS/cmsy/m/n on input line 84.
LaTeX Font Info:    ... okay on input line 84.
LaTeX Font Info:    Checking defaults for OT1/cmr/m/n on input line 84.
LaTeX Font Info:    ... okay on input line 84.
LaTeX Font Info:    Checking defaults for T1/cmr/m/n on input line 84.
LaTeX Font Info:    ... okay on input line 84.
LaTeX Font Info:    Checking defaults for TS1/cmr/m/n on input line 84.
LaTeX Font Info:    ... okay on input line 84.
LaTeX Font Info:    Checking defaults for OMX/cmex/m/n on input line 84.
LaTeX Font Info:    ... okay on input line 84.
LaTeX Font Info:    Checking defaults for U/cmr/m/n on input line 84.
LaTeX Font Info:    ... okay on input line 84.
LaTeX Font Info:    Checking defaults for PD1/pdf/m/n on input line 84.
LaTeX Font Info:    ... okay on input line 84.
LaTeX Font Info:    Checking defaults for PU/pdf/m/n on input line 84.
LaTeX Font Info:    ... okay on input line 84.

(/usr/local/texlive/2023/texmf-dist/tex/context/base/mkii/supp-pdf.mkii
[Loading MPS to PDF converter (version 2006.09.02).]
\scratchcounter=\count288
\scratchdimen=\dimen164
\scratchbox=\box54
\nofMPsegments=\count289
\nofMParguments=\count290
\everyMPshowfont=\toks23
\MPscratchCnt=\count291
\MPscratchDim=\dimen165
\MPnumerator=\count292
\makeMPintoPDFobject=\count293
\everyMPtoPDFconversion=\toks24
) (/usr/local/texlive/2023/texmf-dist/tex/latex/epstopdf-pkg/epstopdf-base.sty
Package: epstopdf-base 2020-01-24 v2.11 Base part for package epstopdf

(/usr/local/texlive/2023/texmf-dist/tex/latex/grfext/grfext.sty
Package: grfext 2019/12/03 v1.3 Manage graphics extensions (HO)
)
Package epstopdf-base Info: Redefining graphics rule for `.eps' on input line 4
85.
Package grfext Info: Graphics extension search list:
(grfext)             [.pdf,.png,.jpg,.mps,.jpeg,.jbig2,.jb2,.PDF,.PNG,.JPG,.JPE
G,.JBIG2,.JB2,.eps]
(grfext)             \AppendGraphicsExtensions on input line 504.

(/usr/local/texlive/2023/texmf-dist/tex/latex/latexconfig/epstopdf-sys.cfg
File: epstopdf-sys.cfg 2010/07/13 v1.3 Configuration of (r)epstopdf for TeX Liv
e
))
(/usr/local/texlive/2023/texmf-dist/tex/latex/graphics/color.sty
Package: color 2022/01/06 v1.3d Standard LaTeX Color (DPC)

(/usr/local/texlive/2023/texmf-dist/tex/latex/graphics-cfg/color.cfg
File: color.cfg 2016/01/02 v1.6 sample color configuration
)
Package color Info: Driver file: pdftex.def on input line 149.

(/usr/local/texlive/2023/texmf-dist/tex/latex/graphics/mathcolor.ltx))
Package hyperref Info: Link coloring ON on input line 84.

(./UserManual.out) (./UserManual.out)
\@outlinefile=\write4
\openout4 = `UserManual.out'.

Package caption Info: Begin \AtBeginDocument code.
Package caption Info: End \AtBeginDocument code.
<FRIB_logo.png, id=203, 105.996pt x 135.3858pt>
File: FRIB_logo.png Graphic file (type png)
<use FRIB_logo.png>
Package pdftex.def Info: FRIB_logo.png  used on input line 112.
(pdftex.def)             Requested size: 101.17645pt x 129.23346pt.
<msu_logo.pdf, id=205, 266.9975pt x 57.21375pt>
File: msu_logo.pdf Graphic file (type pdf)
<use msu_logo.pdf>
Package pdftex.def Info: msu_logo.pdf  used on input line 115.
(pdftex.def)             Requested size: 131.52861pt x 28.186pt.
<BAND_logo.png, id=206, 224.17084pt x 97.02916pt>
File: BAND_logo.png Graphic file (type png)
<use BAND_logo.png>
Package pdftex.def Info: BAND_logo.png  used on input line 119.
(pdftex.def)             Requested size: 121.41637pt x 52.55336pt.
 [1

{/usr/local/texlive/2023/texmf-var/fonts/map/pdftex/updmap/pdftex.map} <./FRIB_
logo.png> <./msu_logo.pdf> <./BAND_logo.png>] (./UserManual.toc
LaTeX Font Info:    Trying to load font information for U+msa on input line 3.

(/usr/local/texlive/2023/texmf-dist/tex/latex/amsfonts/umsa.fd
File: umsa.fd 2013/01/14 v3.01 AMS symbols A
)
LaTeX Font Info:    Trying to load font information for U+msb on input line 3.

(/usr/local/texlive/2023/texmf-dist/tex/latex/amsfonts/umsb.fd
File: umsb.fd 2013/01/14 v3.01 AMS symbols B
)
pdfTeX warning (ext4): destination with the same identifier (name{page.1}) has 
been already used, duplicate ignored
<to be read again> 
                   \relax 
l.29 ...h with PCA components}{29}{subsection.6.4}
                                                  % [1])
\tf@toc=\write5
\openout5 = `UserManual.toc'.

 [2] [3]
(./installation.tex

Package hyperref Warning: Token not allowed in a PDF string (Unicode):
(hyperref)                removing `\\' on input line 27.


Overfull \hbox (12.81026pt too wide) in paragraph at lines 33--33
[]    \OT1/cmtt/m/n/12 /Users/CarlosSmith% git clone https://github.com/bandfra
mework/bandframework.git[] 
 []


Overfull \hbox (43.68527pt too wide) in paragraph at lines 39--39
[]  \OT1/cmtt/m/n/12 % export GITHOME_BAND_SMOOTH="/Users/CarlosSmith/bandframe
work/software/SmoothEmulator"[] 
 []

LaTeX Font Info:    Trying to load font information for TS1+cmtt on input line 
41.
(/usr/local/texlive/2023/texmf-dist/tex/latex/base/ts1cmtt.fd
File: ts1cmtt.fd 2022/07/10 v2.5l Standard LaTeX font definitions
)
LaTeX Font Info:    Trying to load font information for OMS+cmtt on input line 
41.
LaTeX Font Info:    No file OMScmtt.fd. on input line 41.


LaTeX Font Warning: Font shape `OMS/cmtt/m/n' undefined
(Font)              using `OMS/cmsy/m/n' instead
(Font)              for symbol `textbraceleft' on input line 41.


Overfull \hbox (29.25842pt too wide) in paragraph at lines 41--42
\OT1/cmr/m/n/12 defining it each time one needs to re-com-pile. Through-out the
 man-ual the phrase \TS1/cmtt/m/n/12 $\OMS/cmtt/m/n/12 f\OT1/cmtt/m/n/12 GITHOM
E[]BAND[]SMOOTH\OMS/cmtt/m/n/12 g
 []

[4{/usr/local/texlive/2023/texmf-dist/fonts/enc/dvips/cm-super/cm-super-ts1.enc
}]
<directorystructure.pdf, id=295, 1757.36873pt x 907.29143pt>
File: directorystructure.pdf Graphic file (type pdf)
<use directorystructure.pdf>
Package pdftex.def Info: directorystructure.pdf  used on input line 64.
(pdftex.def)             Requested size: 480.59395pt x 248.11458pt.

Overfull \hbox (8.15161pt too wide) in paragraph at lines 68--69
\OT1/cmr/m/n/12 libaries are not par-tic-u-larly de-signed for \OT1/cmr/m/it/12
 Smooth Em-u-la-tor \OT1/cmr/m/n/12 or \OT1/cmr/m/it/12 Sim-plex Sam-pler\OT1/c
mr/m/n/12 . The \OT1/cmtt/m/n/12 SmoothEmulator/
 []

[5] [6 <./directorystructure.pdf>]
Overfull \hbox (8.93535pt too wide) in paragraph at lines 105--106
\OT1/cmr/m/n/12 tory will store in-for-ma-tion for each full-model run. The di-
rec-to-ries \TS1/cmtt/m/n/12 $\OMS/cmtt/m/n/12 f\OT1/cmtt/m/n/12 MY[]PROJECT\OM
S/cmtt/m/n/12 g\OT1/cmtt/m/n/12 /modelruns/run0/\OT1/cmr/m/n/12 ,
 []

[7]) [8] (./simplex.tex [9] [10]) [11] (./fullmodel.tex [12]) [13]
(./emulator.tex [14] [15]
Underfull \hbox (badness 10000) in paragraph at lines 76--77

 []

[16]
Overfull \hbox (0.46025pt too wide) in paragraph at lines 134--134
[]  \OT1/cmtt/m/n/12 SmoothEmulator_MCMC_UseSigmaY false # Emulator only fits t
raining data to within[] 
 []

[17] [18] [19] [20]
Overfull \hbox (12.81026pt too wide) in paragraph at lines 272--272
[]    \OT1/cmtt/m/n/12 cout << obsinfo->GetName(iY) << " = " << Y[iY] << " +/- 
" << SigmaY[iY] << endl;[] 
 []

[21] [22]
Underfull \hbox (badness 10000) in paragraph at lines 342--345

 []

[23]
Underfull \hbox (badness 10000) in paragraph at lines 356--359

 []

[24]
Overfull \hbox (17.48494pt too wide) in paragraph at lines 402--402
 []   \OT1/cmtt/m/n/12 // initial guess for spread of coefficients (only used f
or MC tuning methods)[] 
 []

) [25] (./pca.tex [26]
Overfull \hbox (78.37436pt too wide) in paragraph at lines 45--46
[]\OT1/cmr/m/n/12 The Taylor-expansion co-ef-fi-cients for the PCA ob-serv-able
s are in the di-rec-tory \TS1/cmtt/m/n/12 $\OMS/cmtt/m/n/12 f\OT1/cmtt/m/n/12 M
Y[]PROJECT\OMS/cmtt/m/n/12 g\OT1/cmtt/m/n/12 /coefficients[]pca/\OT1/cmr/m/n/12
 . 
 []


Overfull \hbox (42.53769pt too wide) in paragraph at lines 47--48
[]\OT1/cmr/m/n/12 Another ex-am-ple pro-gram for PCA anal-y-sis is \TS1/cmtt/m/
n/12 $\OMS/cmtt/m/n/12 f\OT1/cmtt/m/n/12 MY[]LOCAL\OMS/cmtt/m/n/12 g\OT1/cmtt/m
/n/12 /main[]programs/pca[]readinfo[]calcy[]main.cc\OT1/cmr/m/n/12 : 
 []


Overfull \hbox (222.76036pt too wide) in paragraph at lines 77--77
[]\OT1/cmtt/m/n/12 SigmaZ_emulator[0]=SigmaZ_emulator[1]=SigmaZ_emulator[2]=Sig
maZ_emulator[3]=SigmaZ_emulator[4]=SigmaZ_emulator[5]=1.0;
 []


Overfull \hbox (111.6103pt too wide) in paragraph at lines 77--77
[]\OT1/cmtt/m/n/12 printf("---- Retranslated values of Z should match original 
and SigmaZ should all be unity ----\n");[] 
 []


Overfull \hbox (104.97942pt too wide) in paragraph at lines 78--79
\OT1/cmr/m/n/12 defin-ing the \OT1/cmtt/m/n/12 pca \OT1/cmr/m/n/12 ob-ject, the
 pro-gram reads in the trans-for-ma-tion in-for-ma-tion with the \OT1/cmtt/m/n/
12 pca->ReadTransformationInfo()
 []

[27]
Overfull \hbox (31.33527pt too wide) in paragraph at lines 109--109
[]\OT1/cmtt/m/n/12 ---- Retranslated values of Z should match original and Sigm
aZ should all be unity ----[] 
 []

[28]) [29] (./mcmc.tex
Overfull \hbox (6.63525pt too wide) in paragraph at lines 40--41
\OT1/cmtt/m/n/12 false], the Metropolis algorithm is invoked. The Langevin algo
rithm is faster when
 []


Overfull \hbox (18.98526pt too wide) in paragraph at lines 40--41
\OT1/cmtt/m/n/12 one has large numbers of parameters, but it ignores the emulat
or uncertainty (because
 []


Overfull \hbox (44.63522pt too wide) in paragraph at lines 40--41
\OT1/cmtt/m/n/12 it has a $\OML/cmm/b/it/12 ^^R$ \OT1/cmtt/m/n/12 dependence). 
Thus, if the emulator uncertainty is significant, the Metropolis
 []


Overfull \hbox (6.63525pt too wide) in paragraph at lines 40--41
\OT1/cmtt/m/n/12 method is recommended. For the Metropolis method, the stepsize
 of the random steps
 []


Overfull \hbox (12.81026pt too wide) in paragraph at lines 40--41
\OT1/cmtt/m/n/12 should be adjusted so that the Metropolis success probability 
is on the order of one
 []


Overfull \hbox (6.63525pt too wide) in paragraph at lines 40--41
\OT1/cmtt/m/n/12 half. If the probability is only a few percent, or if it is ve
ry close to 100% the
 []


Overfull \hbox (62.21028pt too wide) in paragraph at lines 40--41
\OT1/cmtt/m/n/12 efficiency of the method suffers. When one runs mcmc it will r
eport the success percentage.
 []


Overfull \hbox (15.52725pt too wide) in paragraph at lines 40--41
\OT1/cmtt/m/n/12 If the percentage is worrisome, one should reset MCMC[]METROPO
LIS[]STEPSIZE and re-run.
 []


Overfull \hbox (23.43126pt too wide) in paragraph at lines 40--41
\OT1/cmtt/m/n/12 The parameter MCMC[]NBURN is the number of Metropolis steps th
e program attempts during
 []


Overfull \hbox (18.98526pt too wide) in paragraph at lines 40--41
\OT1/cmtt/m/n/12 the burn-in stage, i.e. before the trace is reported when the 
trace might be outside
 []


Overfull \hbox (15.52725pt too wide) in paragraph at lines 40--41
\OT1/cmtt/m/n/12 the likely region. The trace then records MCMC[]NTRACE steps, 
taking MCMC[]NSKIP steps
 []


Overfull \hbox (18.98526pt too wide) in paragraph at lines 40--41
\OT1/cmtt/m/n/12 between writing down the information about the point in model 
parameter space. Thus,
 []


Overfull \hbox (43.05653pt too wide) in paragraph at lines 40--41
\OT1/cmtt/m/n/12 after burn-in, the chain performs MCMC[]NSKIP$\OMS/cmsy/b/n/12
 ^^B$\OT1/cmtt/m/n/12 MCMC[]NTRACE samplings, recording MCMC[]NTRACE
 []

[30]
Overfull \hbox (18.98526pt too wide) in paragraph at lines 42--44
[]\OT1/cmtt/m/n/12 Then, from the project directory, run the program. Output sh
ould look something like
 []


Overfull \hbox (0.46025pt too wide) in paragraph at lines 72--73
[]\OT1/cmtt/m/n/12 The values of the log-likelihoods, LL, show the value before
 the burn-in, then the
 []


Overfull \hbox (0.46025pt too wide) in paragraph at lines 72--73
\OT1/cmtt/m/n/12 best (highest) value during the burn-in, then the first value 
for the post-burn-in
 []


Overfull \hbox (6.63525pt too wide) in paragraph at lines 72--73
\OT1/cmtt/m/n/12 trace and the best value during that trace. The trace is evalu
ated at the end, and
 []


Overfull \hbox (12.81026pt too wide) in paragraph at lines 72--73
\OT1/cmtt/m/n/12 the average model parameter values of the trace are output. Ad
ditionally, files are
 []

[31]
Overfull \hbox (12.81026pt too wide) in paragraph at lines 103--103
[]\OT1/cmtt/m/n/12 unsigned int Nskip=parmap->getI("MCMC_NSKIP",5); // Only rec
ord every Nskip^th point
 []


Overfull \hbox (6.02745pt too wide) in paragraph at lines 104--107
[]\OT1/cmr/m/n/12 This is mostly self-explanatory. If one wishes to avoid writ-
ing out the trace, the line \OT1/cmtt/m/n/12 mcmc.WriteTrace
 []

) [32] (./tutorial.tex
Overfull \hbox (16.99379pt too wide) in paragraph at lines 22--24
\TS1/cmtt/m/n/12 $\OMS/cmtt/m/n/12 f\OT1/cmtt/m/n/12 GITHOME[]BAND[]SMOOTH\OMS/
cmtt/m/n/12 g\OT1/cmtt/m/n/12 /templates/mylocal \OT1/cmr/m/n/12 and \TS1/cmtt/
m/n/12 $\OMS/cmtt/m/n/12 f\OT1/cmtt/m/n/12 GITHOME[]BAND[]SMOOTH\OMS/cmtt/m/n/1
2 g\OT1/cmtt/m/n/12 /templates/myproject
 []


Underfull \hbox (badness 10000) in paragraph at lines 22--24

 []

[33]
Overfull \hbox (119.35625pt too wide) in paragraph at lines 41--43
\OT1/cmr/m/n/12 serv-able names. Both files are in the \TS1/cmtt/m/n/12 $\OMS/c
mtt/m/n/12 f\OT1/cmtt/m/n/12 MY[]PROJECTS\OMS/cmtt/m/n/12 g \OT1/cmr/m/n/12 di-
rec-tory. The first file is \TS1/cmtt/m/n/12 $\OMS/cmtt/m/n/12 f\OT1/cmtt/m/n/1
2 MY[]PROJECTS\OMS/cmtt/m/n/12 g\OT1/cmtt/m/n/12 /Info/modelpar[]info.txt\OT1/c
mr/m/n/12 .
 []


Overfull \hbox (20.17534pt too wide) in paragraph at lines 52--53
\OT1/cmtt/m/n/12 par2\OT1/cmr/m/n/12 , \OT1/cmtt/m/n/12 par3 \OT1/cmr/m/n/12 an
d \OT1/cmtt/m/n/12 par4\OT1/cmr/m/n/12 . These names would nor-mally be more de
-scrip-tive, e.g. \OT1/cmtt/m/n/12 NuclearCompressibility\OT1/cmr/m/n/12 .
 []

[34]
Overfull \hbox (24.86208pt too wide) in paragraph at lines 69--71
\OT1/cmr/m/n/12 For this tu-to-rial, the pro-vided pa-ram-e-ter file is \TS1/cm
tt/m/n/12 $\OMS/cmtt/m/n/12 f\OT1/cmtt/m/n/12 MY[]PROJECTS\OMS/cmtt/m/n/12 g\OT
1/cmtt/m/n/12 /parameters/simplex[]parameters.txt\OT1/cmr/m/n/12 .
 []


Overfull \hbox (0.46025pt too wide) in paragraph at lines 75--75
[]   \OT1/cmtt/m/n/12 #Simplex_LogFileName    simplexlog.txt # comment out to d
irect output to screen[] 
 []

[35] [36]
Overfull \hbox (43.11314pt too wide) in paragraph at lines 166--167
\OT1/cmtt/m/n/12 coefficients/rhic/RAA\OT1/cmr/m/n/12 , \OT1/cmtt/m/n/12 coeffi
cients/Rinv\OT1/cmr/m/n/12 , \OT1/cmtt/m/n/12 coefficients/menapt[]kaon\OT1/cmr
/m/n/12 , \OT1/cmtt/m/n/12 coefficients/meanpt[]pion\OT1/cmr/m/n/12 ,
 []


Overfull \hbox (32.11891pt too wide) in paragraph at lines 166--167
\OT1/cmtt/m/n/12 coefficients/meanpt[]proton \OT1/cmr/m/n/12 and \OT1/cmtt/m/n/
12 coefficients/v2\OT1/cmr/m/n/12 . Within each of these sub-directories \OT1/c
mtt/m/n/12 smoothy[]tune
 []

[37]
Overfull \hbox (42.85481pt too wide) in paragraph at lines 205--206
\OT1/cmr/m/n/12 ables for spec-i-fied points in model-parameter space. A sam-pl
e pro-gram, \TS1/cmtt/m/n/12 $\OMS/cmtt/m/n/12 f\OT1/cmtt/m/n/12 MY[]LOCAL\OMS/
cmtt/m/n/12 g\OT1/cmtt/m/n/12 /bin/smoothy[]calcobs
 []

[38]
Overfull \hbox (162.64017pt too wide) in paragraph at lines 241--243
\OT1/cmr/m/n/12 grams. To un-der-stand what might be in-volved, the source code
 in \TS1/cmtt/m/n/12 $\OMS/cmtt/m/n/12 f\OT1/cmtt/m/n/12 MY[]LOCAL\OMS/cmtt/m/n
/12 g\OT1/cmtt/m/n/12 /main[]programs/SmoothEmulator[]calcobs[]main.cc
 []

[39]
Overfull \hbox (198.06035pt too wide) in paragraph at lines 277--277
[]   \OT1/cmtt/m/n/12 NBandSmooth::CModelParameters *modpars=new NBandSmooth::C
ModelParameters(); // contains info about single point[] 
 []


Overfull \hbox (25.16026pt too wide) in paragraph at lines 277--277
[]      \OT1/cmtt/m/n/12 cout << obsinfo->GetName(iY) << " = " << Y[iY] << " +/
- " << SigmaY[iY] << endl;[] 
 []


Overfull \hbox (9.1579pt too wide) in paragraph at lines 283--284
[]\OT1/cmr/m/n/12 Creates a model-parameters ob-ject, \OT1/cmtt/m/n/12 modpars\
OT1/cmr/m/n/12 , that stores the co-or-di-nates of the model-parameter
 []


Overfull \hbox (31.6841pt too wide) in paragraph at lines 291--293
\OT1/cmr/m/n/12 Given the ex-per-i-men-tal in-for-ma-tion, which is stored in p
roject di-rec-tory in \OT1/cmtt/m/n/12 Info/experimental[]info.txt\OT1/cmr/m/n/
12 ,
 []

[40] [41] [42]
<posterior_rhic.pdf, id=527, 472.6458pt x 472.6458pt>
File: posterior_rhic.pdf Graphic file (type pdf)
<use posterior_rhic.pdf>
Package pdftex.def Info: posterior_rhic.pdf  used on input line 385.
(pdftex.def)             Requested size: 325.215pt x 325.22444pt.
 [43]
Overfull \hbox (1.78339pt too wide) in paragraph at lines 390--392
[]\OT1/cmr/m/n/12 Similarly, one can plot the re-solv-ing power. The User can v
isit the di-rec-tory \OT1/cmtt/m/n/12 figs/resolvingpower/\OT1/cmr/m/n/12 .
 []

[44 <./posterior_rhic.pdf>]
<RP_rhic.pdf, id=579, 242.8272pt x 336.05548pt>
File: RP_rhic.pdf Graphic file (type pdf)
<use RP_rhic.pdf>
Package pdftex.def Info: RP_rhic.pdf  used on input line 407.
(pdftex.def)             Requested size: 289.07999pt x 400.08533pt.

Underfull \hbox (badness 2261) in paragraph at lines 408--408
\OT1/cmr/m/n/12 re-sent pos-i-tive cor-re-la-tions with
 []

) [45 <./RP_rhic.pdf>] (./theory.tex
pdfTeX warning (ext4): destination with the same identifier (name{section.9}) h
as been already used, duplicate ignored
<to be read again> 
                   \relax 
l.5 ...Underlying Theory of {\it Smooth Emulator}}
                                                  \label{sec:theory} [46]
[47] [48] [49] [50] [51] [52] [53]

Package hyperref Warning: Token not allowed in a PDF string (Unicode):
(hyperref)                removing `math shift' on input line 296.


Package hyperref Warning: Token not allowed in a PDF string (Unicode):
(hyperref)                removing `math shift' on input line 296.

[54] [55]
pdfTeX warning (ext4): destination with the same identifier (name{section.10}) 
has been already used, duplicate ignored
<to be read again> 
                   \relax 
l.404 ...eoretical Basis of {\it Simplex Sampler}}
                                                  \label{sec:simplextheory}
[56]
pdfTeX warning (ext4): destination with the same identifier (name{subsection.10
.1}) has been already used, duplicate ignored
<to be read again> 
                   \relax 
l.421 ...f Step-Function Priors in High Dimension}
                                                   [57]
<onepar2points/onepartest_Lambda2.pdf, id=743, 433.62pt x 361.35pt>
File: onepar2points/onepartest_Lambda2.pdf Graphic file (type pdf)
<use onepar2points/onepartest_Lambda2.pdf>
Package pdftex.def Info: onepar2points/onepartest_Lambda2.pdf  used on input li
ne 463.
(pdftex.def)             Requested size: 161.8885pt x 134.9049pt.
<onepar2points/onepartest_Lambda4.pdf, id=744, 433.62pt x 361.35pt>
File: onepar2points/onepartest_Lambda4.pdf Graphic file (type pdf)
<use onepar2points/onepartest_Lambda4.pdf>
Package pdftex.def Info: onepar2points/onepartest_Lambda4.pdf  used on input li
ne 464.
(pdftex.def)             Requested size: 161.8885pt x 134.9049pt.
<onepar3points/onepartest_Lambda2.pdf, id=745, 433.62pt x 361.35pt>
File: onepar3points/onepartest_Lambda2.pdf Graphic file (type pdf)
<use onepar3points/onepartest_Lambda2.pdf>
Package pdftex.def Info: onepar3points/onepartest_Lambda2.pdf  used on input li
ne 465.
(pdftex.def)             Requested size: 161.8885pt x 134.9049pt.

Overfull \hbox (5.23758pt too wide) in paragraph at lines 463--467
[][]|  []|  [] 
 []

[58]
<sixpars/NPars6_Lambda3_NTrain7.pdf, id=755, 433.62pt x 361.35pt>
File: sixpars/NPars6_Lambda3_NTrain7.pdf Graphic file (type pdf)
<use sixpars/NPars6_Lambda3_NTrain7.pdf>
Package pdftex.def Info: sixpars/NPars6_Lambda3_NTrain7.pdf  used on input line
 474.
(pdftex.def)             Requested size: 161.8885pt x 134.9049pt.
<sixpars/NPars6_Lambda6_NTrain7.pdf, id=756, 433.62pt x 361.35pt>
File: sixpars/NPars6_Lambda6_NTrain7.pdf Graphic file (type pdf)
<use sixpars/NPars6_Lambda6_NTrain7.pdf>
Package pdftex.def Info: sixpars/NPars6_Lambda6_NTrain7.pdf  used on input line
 475.
(pdftex.def)             Requested size: 161.8885pt x 134.9049pt.
<sixpars/NPars6_Lambda3_NTrain28.pdf, id=757, 433.62pt x 361.35pt>
File: sixpars/NPars6_Lambda3_NTrain28.pdf Graphic file (type pdf)
<use sixpars/NPars6_Lambda3_NTrain28.pdf>
Package pdftex.def Info: sixpars/NPars6_Lambda3_NTrain28.pdf  used on input lin
e 476.
(pdftex.def)             Requested size: 161.8885pt x 134.9049pt.

Overfull \hbox (5.23758pt too wide) in paragraph at lines 474--479
[][]|  []|  [] 
 []

) [59 <./onepar2points/onepartest_Lambda2.pdf> <./onepar2points/onepartest_Lamb
da4.pdf

pdfTeX warning: pdflatex (file ./onepar2points/onepartest_Lambda4.pdf): PDF inc
lusion: multiple pdfs with page group included in a single page
> <./onepar3points/onepartest_Lambda2.pdf

pdfTeX warning: pdflatex (file ./onepar3points/onepartest_Lambda2.pdf): PDF inc
lusion: multiple pdfs with page group included in a single page
>] [60 <./sixpars/NPars6_Lambda3_NTrain7.pdf> <./sixpars/NPars6_Lambda6_NTrain7
.pdf

pdfTeX warning: pdflatex (file ./sixpars/NPars6_Lambda6_NTrain7.pdf): PDF inclu
sion: multiple pdfs with page group included in a single page
> <./sixpars/NPars6_Lambda3_NTrain28.pdf

pdfTeX warning: pdflatex (file ./sixpars/NPars6_Lambda3_NTrain28.pdf): PDF incl
usion: multiple pdfs with page group included in a single page
>] (./UserManual.aux)

LaTeX Font Warning: Some font shapes were not available, defaults substituted.

Package rerunfilecheck Info: File `UserManual.out' has not changed.
(rerunfilecheck)             Checksum: 235F832229CF4882775DA7FFFBE9789E;4570.
 ) 
Here is how much of TeX's memory you used:
 11863 strings out of 476025
 192718 string characters out of 5790017
 1868388 words of memory out of 5000000
 31929 multiletter control sequences out of 15000+600000
 524619 words of font info for 77 fonts, out of 8000000 for 9000
 1141 hyphenation exceptions out of 8191
 75i,15n,76p,1657b,796s stack positions out of 10000i,1000n,20000p,200000b,200000s
</usr/local/texlive/2023/texmf-dist/fonts/type1/public/amsfonts/cm/cmbsy10.pf
b></usr/local/texlive/2023/texmf-dist/fonts/type1/public/amsfonts/cmextra/cmbsy
6.pfb></usr/local/texlive/2023/texmf-dist/fonts/type1/public/amsfonts/cmextra/c
mbsy8.pfb></usr/local/texlive/2023/texmf-dist/fonts/type1/public/amsfonts/cm/cm
bx10.pfb></usr/local/texlive/2023/texmf-dist/fonts/type1/public/amsfonts/cm/cmb
x12.pfb></usr/local/texlive/2023/texmf-dist/fonts/type1/public/amsfonts/cm/cmbx
6.pfb></usr/local/texlive/2023/texmf-dist/fonts/type1/public/amsfonts/cm/cmbx8.
pfb></usr/local/texlive/2023/texmf-dist/fonts/type1/public/amsfonts/cm/cmex10.p
fb></usr/local/texlive/2023/texmf-dist/fonts/type1/public/amsfonts/cmextra/cmex
8.pfb></usr/local/texlive/2023/texmf-dist/fonts/type1/public/amsfonts/cm/cmmib1
0.pfb></usr/local/texlive/2023/texmf-dist/fonts/type1/public/amsfonts/cmextra/c
mmib6.pfb></usr/local/texlive/2023/texmf-dist/fonts/type1/public/amsfonts/cmext
ra/cmmib8.pfb></usr/local/texlive/2023/texmf-dist/fonts/type1/public/amsfonts/c
m/cmr10.pfb></usr/local/texlive/2023/texmf-dist/fonts/type1/public/amsfonts/cm/
cmr12.pfb></usr/local/texlive/2023/texmf-dist/fonts/type1/public/amsfonts/cm/cm
sy10.pfb></usr/local/texlive/2023/texmf-dist/fonts/type1/public/amsfonts/cm/cmt
i10.pfb></usr/local/texlive/2023/texmf-dist/fonts/type1/public/amsfonts/cm/cmti
12.pfb></usr/local/texlive/2023/texmf-dist/fonts/type1/public/amsfonts/cm/cmtt1
0.pfb></usr/local/texlive/2023/texmf-dist/fonts/type1/public/amsfonts/cm/cmtt12
.pfb></usr/local/texlive/2023/texmf-dist/fonts/type1/public/cm-super/sfrm1200.p
fb></usr/local/texlive/2023/texmf-dist/fonts/type1/public/cm-super/sftt1095.pfb
></usr/local/texlive/2023/texmf-dist/fonts/type1/public/cm-super/sftt1200.pfb>
Output written on UserManual.pdf (61 pages, 1485832 bytes).
PDF statistics:
 1117 PDF objects out of 1200 (max. 8388607)
 764 compressed objects within 8 object streams
 181 named destinations out of 1000 (max. 500000)
 461 words of extra memory for PDF output out of 10000 (max. 10000000)

